<?xml version="1.0" encoding="UTF-8"?>
<!-- Generated by org.testng.reporters.JUnitReportReporter -->
<testsuite hostname="DT0868" failures="0" tests="1" name="com.AGENT_LOGIN_testcases.ENDTOEND_test" time="106.863" errors="0" timestamp="2023-06-15T10:10:38 IST" skipped="0">
  <testcase classname="com.AGENT_LOGIN_testcases.ENDTOEND_test" name="endtoend" time="106.863"/>
  <system-out/>
</testsuite> <!-- com.AGENT_LOGIN_testcases.ENDTOEND_test -->
