<?xml version="1.0" encoding="UTF-8"?>
<!-- Generated by org.testng.reporters.JUnitReportReporter -->
<testsuite hostname="DT0868" failures="0" tests="1" name="com.AGENT_LOGIN_testcases.INprogresstab_test" time="76.074" errors="0" timestamp="2023-06-09T14:32:49 IST" skipped="0">
  <testcase classname="com.AGENT_LOGIN_testcases.INprogresstab_test" name="responsefunction" time="76.074"/>
  <system-out/>
</testsuite> <!-- com.AGENT_LOGIN_testcases.INprogresstab_test -->
