<?xml version="1.0" encoding="UTF-8"?>
<!-- Generated by org.testng.reporters.JUnitReportReporter -->
<testsuite hostname="DT0868" failures="0" tests="1" name="com.AGENT_LOGIN_testcases.MYprofileeditTEST" time="21.454" errors="0" timestamp="2023-06-05T17:21:43 IST" skipped="0">
  <testcase classname="com.AGENT_LOGIN_testcases.MYprofileeditTEST" name="profileedit" time="21.454"/>
  <system-out/>
</testsuite> <!-- com.AGENT_LOGIN_testcases.MYprofileeditTEST -->
