<?xml version="1.0" encoding="UTF-8"?>
<!-- Generated by org.testng.reporters.JUnitReportReporter -->
<testsuite hostname="DT0868" failures="0" tests="1" name="com.testcases.TICKETSCREATIONtest" time="37.425" errors="0" timestamp="2023-05-23T16:42:06 IST" skipped="0">
  <testcase classname="com.testcases.TICKETSCREATIONtest" name="ticketscreation" time="37.425"/>
  <system-out/>
</testsuite> <!-- com.testcases.TICKETSCREATIONtest -->
