<?xml version="1.0" encoding="UTF-8"?>
<!-- Generated by org.testng.reporters.JUnitReportReporter -->
<testsuite hostname="DT0868" failures="0" tests="1" name="com.ADMIN_LOGIN_testcases.EMPOLYEE_TEST" time="84.533" errors="0" timestamp="2023-06-05T17:02:30 IST" skipped="0">
  <testcase classname="com.ADMIN_LOGIN_testcases.EMPOLYEE_TEST" name="newemployeecreated" time="84.533"/>
  <system-out/>
</testsuite> <!-- com.ADMIN_LOGIN_testcases.EMPOLYEE_TEST -->
