<?xml version="1.0" encoding="UTF-8"?>
<!-- Generated by org.testng.reporters.JUnitReportReporter -->
<testsuite hostname="DT0868" failures="0" tests="1" name="com.AGENT_LOGIN_testcases.AAA" time="13.581" errors="0" timestamp="2023-05-23T17:29:02 IST" skipped="0">
  <testcase classname="com.AGENT_LOGIN_testcases.AAA" name="logintest" time="13.581"/>
  <system-out/>
</testsuite> <!-- com.AGENT_LOGIN_testcases.AAA -->
