<?xml version="1.0" encoding="UTF-8"?>
<!-- Generated by org.testng.reporters.JUnitReportReporter -->
<testsuite hostname="DT0868" failures="0" tests="1" name="com.USER_LOGIN_testcases.CLOSE_test" time="84.576" errors="0" timestamp="2023-05-25T17:40:30 IST" skipped="0">
  <testcase classname="com.USER_LOGIN_testcases.CLOSE_test" name="assignfunction" time="84.576"/>
  <system-out/>
</testsuite> <!-- com.USER_LOGIN_testcases.CLOSE_test -->
