<?xml version="1.0" encoding="UTF-8"?>
<!-- Generated by org.testng.reporters.JUnitReportReporter -->
<testsuite hostname="DT0868" failures="0" tests="1" name="com.USER_LOGIN_testcases.REOPEN_test" time="14.484" errors="0" timestamp="2023-06-15T13:49:16 IST" skipped="0">
  <testcase classname="com.USER_LOGIN_testcases.REOPEN_test" name="REOPEN" time="14.484"/>
  <system-out/>
</testsuite> <!-- com.USER_LOGIN_testcases.REOPEN_test -->
