<?xml version="1.0" encoding="UTF-8"?>
<!-- Generated by org.testng.reporters.JUnitReportReporter -->
<testsuite hostname="DT0868" failures="0" tests="1" name="com.USER_LOGIN_testcases.NEXTPAGEtest" time="32.784" errors="0" timestamp="2023-06-15T13:04:23 IST" skipped="0">
  <testcase classname="com.USER_LOGIN_testcases.NEXTPAGEtest" name="searchtestANDNEXTPAGE" time="32.784"/>
  <system-out/>
</testsuite> <!-- com.USER_LOGIN_testcases.NEXTPAGEtest -->
