<?xml version="1.0" encoding="UTF-8"?>
<!-- Generated by org.testng.reporters.JUnitReportReporter -->
<testsuite hostname="DT0868" failures="0" tests="1" name="com.testcases.SEARCHBUTTONtest" time="13.982" errors="0" timestamp="2023-05-19T17:06:49 IST" skipped="0">
  <testcase classname="com.testcases.SEARCHBUTTONtest" name="searchtest" time="13.982"/>
  <system-out/>
</testsuite> <!-- com.testcases.SEARCHBUTTONtest -->
