<?xml version="1.0" encoding="UTF-8"?>
<!-- Generated by org.testng.reporters.JUnitReportReporter -->
<testsuite hostname="DT0868" failures="0" tests="1" name="com.AGENT_LOGIN_testcases.CHANGEDUEDATE_test" time="73.434" errors="0" timestamp="2023-06-09T14:20:07 IST" skipped="0">
  <testcase classname="com.AGENT_LOGIN_testcases.CHANGEDUEDATE_test" name="changeduedate" time="73.434"/>
  <system-out/>
</testsuite> <!-- com.AGENT_LOGIN_testcases.CHANGEDUEDATE_test -->
